<?xml version="1.0" encoding="UTF-8"?>
<testng-results ignored="0" total="1" passed="1" failed="0" skipped="0">
  <reporter-output>
  </reporter-output>
  <suite started-at="2023-12-27T05:48:09 IST" name="Default suite" finished-at="2023-12-27T05:49:21 IST" duration-ms="72421">
    <groups>
    </groups>
    <test started-at="2023-12-27T05:48:09 IST" name="Default test" finished-at="2023-12-27T05:49:21 IST" duration-ms="72421">
      <class name="tests.TestcasesFlow">
        <test-method is-config="true" signature="setup()[pri:0, instance:tests.TestcasesFlow@6440112d]" started-at="2023-12-27T05:48:09 IST" name="setup" finished-at="2023-12-27T05:48:13 IST" duration-ms="3698" status="PASS">
          <reporter-output>
          </reporter-output>
        </test-method> <!-- setup -->
        <test-method signature="Returns_and_orders()[pri:10, instance:tests.TestcasesFlow@6440112d]" started-at="2023-12-27T05:48:13 IST" name="Returns_and_orders" finished-at="2023-12-27T05:49:21 IST" duration-ms="68692" status="PASS">
          <reporter-output>
          </reporter-output>
        </test-method> <!-- Returns_and_orders -->
      </class> <!-- tests.TestcasesFlow -->
    </test> <!-- Default test -->
  </suite> <!-- Default suite -->
</testng-results>
